220703 16:10:58 [Note] Plugin 'FEDERATED' is disabled.
220703 16:10:58 InnoDB: The InnoDB memory heap is disabled
220703 16:10:58 InnoDB: Mutexes and rw_locks use Windows interlocked functions
220703 16:10:58 InnoDB: Compressed tables use zlib 1.2.3
220703 16:10:58 InnoDB: Initializing buffer pool, size = 47.0M
220703 16:10:58 InnoDB: Completed initialization of buffer pool
InnoDB: The first specified data file .\ibdata1 did not exist:
InnoDB: a new database to be created!
220703 16:10:58  InnoDB: Setting file .\ibdata1 size to 10 MB
InnoDB: Database physically writes the file full: wait...
220703 16:10:58  InnoDB: Log file .\ib_logfile0 did not exist: new to be created
InnoDB: Setting log file .\ib_logfile0 size to 24 MB
InnoDB: Database physically writes the file full: wait...
220703 16:10:58  InnoDB: Log file .\ib_logfile1 did not exist: new to be created
InnoDB: Setting log file .\ib_logfile1 size to 24 MB
InnoDB: Database physically writes the file full: wait...
InnoDB: Doublewrite buffer not found: creating new
InnoDB: Doublewrite buffer created
InnoDB: 127 rollback segment(s) active.
InnoDB: Creating foreign key constraint system tables
InnoDB: Foreign key constraint system tables created
220703 16:10:58  InnoDB: Waiting for the background threads to start
220703 16:10:59 InnoDB: 5.5.47 started; log sequence number 0
220703 16:10:59 [Note] Server hostname (bind-address): '0.0.0.0'; port: 3306
220703 16:10:59 [Note]   - '0.0.0.0' resolves to '0.0.0.0';
220703 16:10:59 [Note] Server socket created on IP: '0.0.0.0'.
220703 16:10:59 [Note] Event Scheduler: Loaded 0 events
220703 16:10:59 [Note] mysqld.exe: ready for connections.
Version: '5.5.47'  socket: ''  port: 3306  MySQL Community Server (GPL)
220703 21:02:00 [Note] Plugin 'FEDERATED' is disabled.
220703 21:02:00 InnoDB: The InnoDB memory heap is disabled
220703 21:02:00 InnoDB: Mutexes and rw_locks use Windows interlocked functions
220703 21:02:00 InnoDB: Compressed tables use zlib 1.2.3
220703 21:02:00 InnoDB: Initializing buffer pool, size = 47.0M
220703 21:02:00 InnoDB: Completed initialization of buffer pool
220703 21:02:00 InnoDB: highest supported file format is Barracuda.
InnoDB: The log sequence number in ibdata files does not match
InnoDB: the log sequence number in the ib_logfiles!
220703 21:02:00  InnoDB: Database was not shut down normally!
InnoDB: Starting crash recovery.
InnoDB: Reading tablespace information from the .ibd files...
InnoDB: Restoring possible half-written data pages from the doublewrite
InnoDB: buffer...
220703 21:02:00  InnoDB: Waiting for the background threads to start
220703 21:02:01 InnoDB: 5.5.47 started; log sequence number 1595675
220703 21:02:01 [Note] Server hostname (bind-address): '0.0.0.0'; port: 3306
220703 21:02:01 [Note]   - '0.0.0.0' resolves to '0.0.0.0';
220703 21:02:01 [Note] Server socket created on IP: '0.0.0.0'.
220704 15:55:20 [Note] Plugin 'FEDERATED' is disabled.
220704 15:55:20 InnoDB: The InnoDB memory heap is disabled
220704 15:55:20 InnoDB: Mutexes and rw_locks use Windows interlocked functions
220704 15:55:20 InnoDB: Compressed tables use zlib 1.2.3
220704 15:55:20 InnoDB: Initializing buffer pool, size = 47.0M
220704 15:55:20 InnoDB: Completed initialization of buffer pool
220704 15:55:20 InnoDB: highest supported file format is Barracuda.
InnoDB: The log sequence number in ibdata files does not match
InnoDB: the log sequence number in the ib_logfiles!
220704 15:55:20  InnoDB: Database was not shut down normally!
InnoDB: Starting crash recovery.
InnoDB: Reading tablespace information from the .ibd files...
InnoDB: Restoring possible half-written data pages from the doublewrite
InnoDB: buffer...
220704 15:55:20  InnoDB: Waiting for the background threads to start
220704 18:26:59 [Note] Plugin 'FEDERATED' is disabled.
220704 18:26:59 InnoDB: The InnoDB memory heap is disabled
220704 18:26:59 InnoDB: Mutexes and rw_locks use Windows interlocked functions
220704 18:26:59 InnoDB: Compressed tables use zlib 1.2.3
220704 18:26:59 InnoDB: Initializing buffer pool, size = 47.0M
220704 18:26:59 InnoDB: Completed initialization of buffer pool
220704 18:26:59 InnoDB: highest supported file format is Barracuda.
InnoDB: The log sequence number in ibdata files does not match
InnoDB: the log sequence number in the ib_logfiles!
220704 18:26:59  InnoDB: Database was not shut down normally!
InnoDB: Starting crash recovery.
InnoDB: Reading tablespace information from the .ibd files...
InnoDB: Restoring possible half-written data pages from the doublewrite
InnoDB: buffer...
220704 18:26:59  InnoDB: Waiting for the background threads to start
220704 18:27:00 InnoDB: 5.5.47 started; log sequence number 1595675
220704 18:27:00 [Note] Server hostname (bind-address): '0.0.0.0'; port: 3306
220704 18:27:00 [Note]   - '0.0.0.0' resolves to '0.0.0.0';
220704 18:27:00 [Note] Server socket created on IP: '0.0.0.0'.
220704 19:10:01 [Note] Plugin 'FEDERATED' is disabled.
220704 19:10:01 InnoDB: The InnoDB memory heap is disabled
220704 19:10:01 InnoDB: Mutexes and rw_locks use Windows interlocked functions
220704 19:10:01 InnoDB: Compressed tables use zlib 1.2.3
220704 19:10:01 InnoDB: Initializing buffer pool, size = 47.0M
220704 19:10:01 InnoDB: Completed initialization of buffer pool
220704 19:10:01 InnoDB: highest supported file format is Barracuda.
InnoDB: The log sequence number in ibdata files does not match
InnoDB: the log sequence number in the ib_logfiles!
220704 19:10:01  InnoDB: Database was not shut down normally!
InnoDB: Starting crash recovery.
InnoDB: Reading tablespace information from the .ibd files...
InnoDB: Restoring possible half-written data pages from the doublewrite
InnoDB: buffer...
220704 19:10:01  InnoDB: Waiting for the background threads to start
220704 19:10:02 InnoDB: 5.5.47 started; log sequence number 1595675
220704 19:10:02 [Note] Server hostname (bind-address): '0.0.0.0'; port: 3306
220704 19:10:02 [Note]   - '0.0.0.0' resolves to '0.0.0.0';
220704 19:10:02 [Note] Server socket created on IP: '0.0.0.0'.
220705 16:41:26 [Note] Plugin 'FEDERATED' is disabled.
220705 16:41:26 InnoDB: The InnoDB memory heap is disabled
220705 16:41:26 InnoDB: Mutexes and rw_locks use Windows interlocked functions
220705 16:41:26 InnoDB: Compressed tables use zlib 1.2.3
220705 16:41:26 InnoDB: Initializing buffer pool, size = 47.0M
220705 16:41:26 InnoDB: Completed initialization of buffer pool
220705 16:41:26 InnoDB: highest supported file format is Barracuda.
InnoDB: The log sequence number in ibdata files does not match
InnoDB: the log sequence number in the ib_logfiles!
220705 16:41:26  InnoDB: Database was not shut down normally!
InnoDB: Starting crash recovery.
InnoDB: Reading tablespace information from the .ibd files...
InnoDB: Restoring possible half-written data pages from the doublewrite
InnoDB: buffer...
220705 16:41:26  InnoDB: Waiting for the background threads to start
220705 16:41:27 InnoDB: 5.5.47 started; log sequence number 1595675
220705 16:41:27 [Note] Server hostname (bind-address): '0.0.0.0'; port: 3306
220705 16:41:27 [Note]   - '0.0.0.0' resolves to '0.0.0.0';
220705 16:41:27 [Note] Server socket created on IP: '0.0.0.0'.
220705 16:41:27 [Note] Event Scheduler: Loaded 0 events
220705 16:41:27 [Note] C:\Users\28299\Desktop\modhttp\MYSQL\bin\mysqld.exe: ready for connections.
Version: '5.5.47'  socket: ''  port: 3306  MySQL Community Server (GPL)
220718  0:09:33 [Note] Plugin 'FEDERATED' is disabled.
220718  0:09:33 InnoDB: The InnoDB memory heap is disabled
220718  0:09:33 InnoDB: Mutexes and rw_locks use Windows interlocked functions
220718  0:09:33 InnoDB: Compressed tables use zlib 1.2.3
220718  0:09:33 InnoDB: Initializing buffer pool, size = 47.0M
220718  0:09:33 InnoDB: Completed initialization of buffer pool
220718  0:09:33 InnoDB: highest supported file format is Barracuda.
InnoDB: The log sequence number in ibdata files does not match
InnoDB: the log sequence number in the ib_logfiles!
220718  0:09:33  InnoDB: Database was not shut down normally!
InnoDB: Starting crash recovery.
InnoDB: Reading tablespace information from the .ibd files...
InnoDB: Restoring possible half-written data pages from the doublewrite
InnoDB: buffer...
220718  0:09:34  InnoDB: Waiting for the background threads to start
220719 21:12:46 [Note] Plugin 'FEDERATED' is disabled.
220719 21:12:46 InnoDB: The InnoDB memory heap is disabled
220719 21:12:46 InnoDB: Mutexes and rw_locks use Windows interlocked functions
220719 21:12:46 InnoDB: Compressed tables use zlib 1.2.3
220719 21:12:46 InnoDB: Initializing buffer pool, size = 47.0M
220719 21:12:46 InnoDB: Completed initialization of buffer pool
220719 21:12:46 InnoDB: highest supported file format is Barracuda.
InnoDB: The log sequence number in ibdata files does not match
InnoDB: the log sequence number in the ib_logfiles!
220719 21:12:46  InnoDB: Database was not shut down normally!
InnoDB: Starting crash recovery.
InnoDB: Reading tablespace information from the .ibd files...
InnoDB: Restoring possible half-written data pages from the doublewrite
InnoDB: buffer...
220719 21:12:46  InnoDB: Waiting for the background threads to start
220719 21:12:47 InnoDB: 5.5.47 started; log sequence number 1595675
220719 21:12:47 [Note] Server hostname (bind-address): '0.0.0.0'; port: 3306
220719 21:12:47 [Note]   - '0.0.0.0' resolves to '0.0.0.0';
220719 21:12:47 [Note] Server socket created on IP: '0.0.0.0'.
220719 21:12:47 [Note] Event Scheduler: Loaded 0 events
220719 21:12:47 [Note] C:\Users\28299\Desktop\modhttp\MYSQL\bin\mysqld.exe: ready for connections.
Version: '5.5.47'  socket: ''  port: 3306  MySQL Community Server (GPL)
220720  2:36:28 [Note] Plugin 'FEDERATED' is disabled.
220720  2:36:28 InnoDB: The InnoDB memory heap is disabled
220720  2:36:28 InnoDB: Mutexes and rw_locks use Windows interlocked functions
220720  2:36:28 InnoDB: Compressed tables use zlib 1.2.3
220720  2:36:28 InnoDB: Initializing buffer pool, size = 47.0M
220720  2:36:28 InnoDB: Completed initialization of buffer pool
220720  2:36:28 InnoDB: highest supported file format is Barracuda.
InnoDB: The log sequence number in ibdata files does not match
InnoDB: the log sequence number in the ib_logfiles!
220720  2:36:28  InnoDB: Database was not shut down normally!
InnoDB: Starting crash recovery.
InnoDB: Reading tablespace information from the .ibd files...
InnoDB: Restoring possible half-written data pages from the doublewrite
InnoDB: buffer...
220720  2:36:28  InnoDB: Waiting for the background threads to start
